  DistributHistogram.cpp
C:\Users\kimms\Desktop\sogang\2021-2\고소실\1주차\실습\week1_1\DistributHistogram.cpp(56,86): warning C4244: '인수': 'double'에서 'int'(으)로 변환하면서 데이터가 손실될 수 있습니다.
C:\Users\kimms\Desktop\sogang\2021-2\고소실\1주차\실습\week1_1\DistributHistogram.cpp(56,66): warning C4244: '인수': 'double'에서 'int'(으)로 변환하면서 데이터가 손실될 수 있습니다.
C:\Users\kimms\Desktop\sogang\2021-2\고소실\1주차\실습\week1_1\DistributHistogram.cpp(56,32): warning C4244: '인수': 'double'에서 'int'(으)로 변환하면서 데이터가 손실될 수 있습니다.
DSH_EasyWin32.lib(EasyAPI.obj) : warning LNK4099: 'EasyWin32.pdb' PDB를 'DSH_EasyWin32.lib(EasyAPI.obj)' 또는 'C:\Users\kimms\Desktop\sogang\2021-2\고소실\1주차\실습\week1_1\Debug\EasyWin32.pdb'에서 찾을 수 없습니다. 디버그 정보가 없는 것처럼 개체를 링크합니다.
DSH_EasyWin32.lib(EasyWin32.obj) : warning LNK4099: 'EasyWin32.pdb' PDB를 'DSH_EasyWin32.lib(EasyWin32.obj)' 또는 'C:\Users\kimms\Desktop\sogang\2021-2\고소실\1주차\실습\week1_1\Debug\EasyWin32.pdb'에서 찾을 수 없습니다. 디버그 정보가 없는 것처럼 개체를 링크합니다.
DSH_EasyWin32.lib(GdiObjectcpp.obj) : warning LNK4099: 'EasyWin32.pdb' PDB를 'DSH_EasyWin32.lib(GdiObjectcpp.obj)' 또는 'C:\Users\kimms\Desktop\sogang\2021-2\고소실\1주차\실습\week1_1\Debug\EasyWin32.pdb'에서 찾을 수 없습니다. 디버그 정보가 없는 것처럼 개체를 링크합니다.
DSH_EasyWin32.lib(MessageMap.obj) : warning LNK4099: 'EasyWin32.pdb' PDB를 'DSH_EasyWin32.lib(MessageMap.obj)' 또는 'C:\Users\kimms\Desktop\sogang\2021-2\고소실\1주차\실습\week1_1\Debug\EasyWin32.pdb'에서 찾을 수 없습니다. 디버그 정보가 없는 것처럼 개체를 링크합니다.
DSH_EasyWin32.lib(pch.obj) : warning LNK4099: '' PDB를 'DSH_EasyWin32.lib(pch.obj)' 또는 ''에서 찾을 수 없습니다. 디버그 정보가 없는 것처럼 개체를 링크합니다.
DSH_EasyWin32.lib(TimerManager.obj) : warning LNK4099: '' PDB를 'DSH_EasyWin32.lib(TimerManager.obj)' 또는 ''에서 찾을 수 없습니다. 디버그 정보가 없는 것처럼 개체를 링크합니다.
DSH_EasyWin32.lib(TW_Button.obj) : warning LNK4099: 'EasyWin32.pdb' PDB를 'DSH_EasyWin32.lib(TW_Button.obj)' 또는 'C:\Users\kimms\Desktop\sogang\2021-2\고소실\1주차\실습\week1_1\Debug\EasyWin32.pdb'에서 찾을 수 없습니다. 디버그 정보가 없는 것처럼 개체를 링크합니다.
DSH_EasyWin32.lib(TW_ClientSocket.obj) : warning LNK4099: '' PDB를 'DSH_EasyWin32.lib(TW_ClientSocket.obj)' 또는 ''에서 찾을 수 없습니다. 디버그 정보가 없는 것처럼 개체를 링크합니다.
DSH_EasyWin32.lib(TW_Control.obj) : warning LNK4099: 'EasyWin32.pdb' PDB를 'DSH_EasyWin32.lib(TW_Control.obj)' 또는 'C:\Users\kimms\Desktop\sogang\2021-2\고소실\1주차\실습\week1_1\Debug\EasyWin32.pdb'에서 찾을 수 없습니다. 디버그 정보가 없는 것처럼 개체를 링크합니다.
DSH_EasyWin32.lib(TW_Display.obj) : warning LNK4099: '' PDB를 'DSH_EasyWin32.lib(TW_Display.obj)' 또는 ''에서 찾을 수 없습니다. 디버그 정보가 없는 것처럼 개체를 링크합니다.
DSH_EasyWin32.lib(TW_Edit.obj) : warning LNK4099: 'EasyWin32.pdb' PDB를 'DSH_EasyWin32.lib(TW_Edit.obj)' 또는 'C:\Users\kimms\Desktop\sogang\2021-2\고소실\1주차\실습\week1_1\Debug\EasyWin32.pdb'에서 찾을 수 없습니다. 디버그 정보가 없는 것처럼 개체를 링크합니다.
DSH_EasyWin32.lib(TW_GdiPlus.obj) : warning LNK4099: '' PDB를 'DSH_EasyWin32.lib(TW_GdiPlus.obj)' 또는 ''에서 찾을 수 없습니다. 디버그 정보가 없는 것처럼 개체를 링크합니다.
DSH_EasyWin32.lib(TW_ListBox.obj) : warning LNK4099: 'EasyWin32.pdb' PDB를 'DSH_EasyWin32.lib(TW_ListBox.obj)' 또는 'C:\Users\kimms\Desktop\sogang\2021-2\고소실\1주차\실습\week1_1\Debug\EasyWin32.pdb'에서 찾을 수 없습니다. 디버그 정보가 없는 것처럼 개체를 링크합니다.
DSH_EasyWin32.lib(TW_ListExt.obj) : warning LNK4099: '' PDB를 'DSH_EasyWin32.lib(TW_ListExt.obj)' 또는 ''에서 찾을 수 없습니다. 디버그 정보가 없는 것처럼 개체를 링크합니다.
DSH_EasyWin32.lib(TW_MemDC.obj) : warning LNK4099: 'EasyWin32.pdb' PDB를 'DSH_EasyWin32.lib(TW_MemDC.obj)' 또는 'C:\Users\kimms\Desktop\sogang\2021-2\고소실\1주차\실습\week1_1\Debug\EasyWin32.pdb'에서 찾을 수 없습니다. 디버그 정보가 없는 것처럼 개체를 링크합니다.
DSH_EasyWin32.lib(TW_ServerSocket.obj) : warning LNK4099: '' PDB를 'DSH_EasyWin32.lib(TW_ServerSocket.obj)' 또는 ''에서 찾을 수 없습니다. 디버그 정보가 없는 것처럼 개체를 링크합니다.
DSH_EasyWin32.lib(TW_String.obj) : warning LNK4099: 'EasyWin32.pdb' PDB를 'DSH_EasyWin32.lib(TW_String.obj)' 또는 'C:\Users\kimms\Desktop\sogang\2021-2\고소실\1주차\실습\week1_1\Debug\EasyWin32.pdb'에서 찾을 수 없습니다. 디버그 정보가 없는 것처럼 개체를 링크합니다.
  ExamWin32.vcxproj -> C:\Users\kimms\Desktop\sogang\2021-2\고소실\1주차\실습\week1_1\Debug\ExamWin32.exe
